<?xml version="1.0" encoding="UTF-8"?>
<testsuite xmlns:xsi="http://www.w3.org/2001/XMLSchema-instance" xsi:noNamespaceSchemaLocation="https://maven.apache.org/surefire/maven-surefire-plugin/xsd/surefire-test-report.xsd" name="org.pentaho.database.util.DatabaseUtilTest" time="0.366" tests="1" errors="0" skipped="0" failures="0">
  <properties>
    <property name="sun.desktop" value="gnome"/>
    <property name="awt.toolkit" value="sun.awt.X11.XToolkit"/>
    <property name="java.specification.version" value="11"/>
    <property name="sun.cpu.isalist" value=""/>
    <property name="sun.jnu.encoding" value="UTF-8"/>
    <property name="java.class.path" value="/home/marcio/projetos/tahopen-commons-database/gwt/target/test-classes:/home/marcio/projetos/tahopen-commons-database/gwt/target/classes:/home/marcio/.m2/repository/org/tahopen/commons-database-model/0.1.0.0-SNAPSHOT/commons-database-model-0.1.0.0-SNAPSHOT.jar:/home/marcio/.m2/repository/org/tahopen/commons-gwt-widgets/0.1.0.0-SNAPSHOT/commons-gwt-widgets-0.1.0.0-SNAPSHOT.jar:/home/marcio/.m2/repository/pentaho-kettle/kettle-core/9.4.0.0-SNAPSHOT/kettle-core-9.4.0.0-SNAPSHOT.jar:/home/marcio/.m2/repository/org/pentaho/pentaho-encryption-support/9.4.0.0-SNAPSHOT/pentaho-encryption-support-9.4.0.0-SNAPSHOT.jar:/home/marcio/.m2/repository/org/eclipse/jetty/jetty-util/9.4.51.v20230217/jetty-util-9.4.51.v20230217.jar:/home/marcio/.m2/repository/pentaho-kettle/kettle-engine/9.4.0.0-SNAPSHOT/kettle-engine-9.4.0.0-SNAPSHOT.jar:/home/marcio/.m2/repository/org/tahopen/commons-xul-core/0.1.0.0-SNAPSHOT/commons-xul-core-0.1.0.0-SNAPSHOT.jar:/home/marcio/.m2/repository/org/dom4j/dom4j/2.1.4/dom4j-2.1.4.jar:/home/marcio/.m2/repository/org/tahopen/commons-xul-swing/0.1.0.0-SNAPSHOT/commons-xul-swing-0.1.0.0-SNAPSHOT.jar:/home/marcio/.m2/repository/org/tahopen/commons-xul-swt/0.1.0.0-SNAPSHOT/commons-xul-swt-0.1.0.0-SNAPSHOT.jar:/home/marcio/.m2/repository/org/tahopen/commons-xul-gwt-impl/0.1.0.0-SNAPSHOT/commons-xul-gwt-impl-0.1.0.0-SNAPSHOT.jar:/home/marcio/.m2/repository/com/google/gwt/gwt-user/2.9.0/gwt-user-2.9.0.jar:/home/marcio/.m2/repository/com/google/jsinterop/jsinterop-annotations/2.0.0/jsinterop-annotations-2.0.0.jar:/home/marcio/.m2/repository/javax/validation/validation-api/1.0.0.GA/validation-api-1.0.0.GA.jar:/home/marcio/.m2/repository/javax/validation/validation-api/1.0.0.GA/validation-api-1.0.0.GA-sources.jar:/home/marcio/.m2/repository/javax/servlet/javax.servlet-api/3.1.0/javax.servlet-api-3.1.0.jar:/home/marcio/.m2/repository/org/w3c/css/sac/1.3/sac-1.3.jar:/home/marcio/.m2/repository/org/apache/commons/commons-pool2/2.11.1/commons-pool2-2.11.1.jar:/home/marcio/.m2/repository/org/apache/commons/commons-dbcp2/2.9.0/commons-dbcp2-2.9.0.jar:/home/marcio/.m2/repository/commons-beanutils/commons-beanutils/1.9.4/commons-beanutils-1.9.4.jar:/home/marcio/.m2/repository/commons-logging/commons-logging/1.2/commons-logging-1.2.jar:/home/marcio/.m2/repository/commons-lang/commons-lang/2.6/commons-lang-2.6.jar:/home/marcio/.m2/repository/org/eclipse/jface/3.3.0-I20070606-0010/jface-3.3.0-I20070606-0010.jar:/home/marcio/.m2/repository/org/eclipse/core/runtime/3.3.100-v20070530/runtime-3.3.100-v20070530.jar:/home/marcio/.m2/repository/org/eclipse/equinox/common/3.3.0-v20070426/common-3.3.0-v20070426.jar:/home/marcio/.m2/repository/org/eclipse/core/commands/3.3.0-I20070605-0010/commands-3.3.0-I20070605-0010.jar:/home/marcio/.m2/repository/org/eclipse/swt/org.eclipse.swt.gtk.linux.x86_64/4.3/org.eclipse.swt.gtk.linux.x86_64-4.3.jar:/home/marcio/.m2/repository/jakarta/xml/bind/jakarta.xml.bind-api/2.3.3/jakarta.xml.bind-api-2.3.3.jar:/home/marcio/.m2/repository/jakarta/activation/jakarta.activation-api/1.2.2/jakarta.activation-api-1.2.2.jar:/home/marcio/.m2/repository/com/google/gwt/gwt-dev/2.9.0/gwt-dev-2.9.0.jar:/home/marcio/.m2/repository/com/google/code/findbugs/jsr305/1.3.9/jsr305-1.3.9.jar:/home/marcio/.m2/repository/com/google/code/gson/gson/2.10.1/gson-2.10.1.jar:/home/marcio/.m2/repository/org/ow2/asm/asm/7.1/asm-7.1.jar:/home/marcio/.m2/repository/org/ow2/asm/asm-util/7.1/asm-util-7.1.jar:/home/marcio/.m2/repository/org/ow2/asm/asm-tree/7.1/asm-tree-7.1.jar:/home/marcio/.m2/repository/org/ow2/asm/asm-analysis/7.1/asm-analysis-7.1.jar:/home/marcio/.m2/repository/org/ow2/asm/asm-commons/7.1/asm-commons-7.1.jar:/home/marcio/.m2/repository/colt/colt/1.2.0/colt-1.2.0.jar:/home/marcio/.m2/repository/ant/ant/1.6.5/ant-1.6.5.jar:/home/marcio/.m2/repository/commons-collections/commons-collections/3.2.2/commons-collections-3.2.2.jar:/home/marcio/.m2/repository/commons-io/commons-io/2.4/commons-io-2.4.jar:/home/marcio/.m2/repository/com/ibm/icu/icu4j/63.1/icu4j-63.1.jar:/home/marcio/.m2/repository/tapestry/tapestry/4.0.2/tapestry-4.0.2.jar:/home/marcio/.m2/repository/net/sourceforge/htmlunit/htmlunit/2.19/htmlunit-2.19.jar:/home/marcio/.m2/repository/xalan/xalan/2.7.2/xalan-2.7.2.jar:/home/marcio/.m2/repository/xalan/serializer/2.7.2/serializer-2.7.2.jar:/home/marcio/.m2/repository/org/apache/httpcomponents/httpmime/4.5.1/httpmime-4.5.1.jar:/home/marcio/.m2/repository/net/sourceforge/htmlunit/htmlunit-core-js/2.17/htmlunit-core-js-2.17.jar:/home/marcio/.m2/repository/xerces/xercesImpl/2.12.2/xercesImpl-2.12.2.jar:/home/marcio/.m2/repository/xml-apis/xml-apis/1.4.01/xml-apis-1.4.01.jar:/home/marcio/.m2/repository/net/sourceforge/nekohtml/nekohtml/1.9.22/nekohtml-1.9.22.jar:/home/marcio/.m2/repository/net/sourceforge/cssparser/cssparser/0.9.18/cssparser-0.9.18.jar:/home/marcio/.m2/repository/org/eclipse/jetty/websocket/websocket-client/9.2.13.v20150730/websocket-client-9.2.13.v20150730.jar:/home/marcio/.m2/repository/org/eclipse/jetty/websocket/websocket-common/9.2.13.v20150730/websocket-common-9.2.13.v20150730.jar:/home/marcio/.m2/repository/org/eclipse/jetty/websocket/websocket-api/9.2.13.v20150730/websocket-api-9.2.13.v20150730.jar:/home/marcio/.m2/repository/org/eclipse/jetty/jetty-webapp/9.4.51.v20230217/jetty-webapp-9.4.51.v20230217.jar:/home/marcio/.m2/repository/org/eclipse/jetty/jetty-xml/9.4.51.v20230217/jetty-xml-9.4.51.v20230217.jar:/home/marcio/.m2/repository/org/eclipse/jetty/jetty-servlet/9.4.51.v20230217/jetty-servlet-9.4.51.v20230217.jar:/home/marcio/.m2/repository/org/eclipse/jetty/jetty-security/9.4.51.v20230217/jetty-security-9.4.51.v20230217.jar:/home/marcio/.m2/repository/org/eclipse/jetty/jetty-util-ajax/9.4.51.v20230217/jetty-util-ajax-9.4.51.v20230217.jar:/home/marcio/.m2/repository/org/eclipse/jetty/jetty-servlets/9.4.51.v20230217/jetty-servlets-9.4.51.v20230217.jar:/home/marcio/.m2/repository/org/eclipse/jetty/jetty-continuation/9.4.51.v20230217/jetty-continuation-9.4.51.v20230217.jar:/home/marcio/.m2/repository/org/eclipse/jetty/jetty-http/9.4.51.v20230217/jetty-http-9.4.51.v20230217.jar:/home/marcio/.m2/repository/org/eclipse/jetty/jetty-io/9.4.51.v20230217/jetty-io-9.4.51.v20230217.jar:/home/marcio/.m2/repository/org/eclipse/jetty/jetty-annotations/9.2.14.v20151106/jetty-annotations-9.2.14.v20151106.jar:/home/marcio/.m2/repository/org/eclipse/jetty/jetty-plus/9.4.51.v20230217/jetty-plus-9.4.51.v20230217.jar:/home/marcio/.m2/repository/org/eclipse/jetty/jetty-jndi/9.4.51.v20230217/jetty-jndi-9.4.51.v20230217.jar:/home/marcio/.m2/repository/javax/annotation/javax.annotation-api/1.2/javax.annotation-api-1.2.jar:/home/marcio/.m2/repository/org/eclipse/jetty/apache-jsp/9.2.14.v20151106/apache-jsp-9.2.14.v20151106.jar:/home/marcio/.m2/repository/org/eclipse/jetty/jetty-server/9.4.51.v20230217/jetty-server-9.4.51.v20230217.jar:/home/marcio/.m2/repository/org/eclipse/jetty/toolchain/jetty-schemas/3.1.M0/jetty-schemas-3.1.M0.jar:/home/marcio/.m2/repository/org/mortbay/jasper/apache-jsp/8.0.9.M3/apache-jsp-8.0.9.M3.jar:/home/marcio/.m2/repository/org/mortbay/jasper/apache-el/8.0.9.M3/apache-el-8.0.9.M3.jar:/home/marcio/.m2/repository/org/mockito/mockito-all/1.9.5/mockito-all-1.9.5.jar:/home/marcio/.m2/repository/org/apache/commons/commons-vfs2/2.8.0/commons-vfs2-2.8.0.jar:/home/marcio/.m2/repository/org/apache/commons/commons-lang3/3.12.0/commons-lang3-3.12.0.jar:/home/marcio/.m2/repository/org/apache/httpcomponents/httpclient/4.5.14/httpclient-4.5.14.jar:/home/marcio/.m2/repository/org/apache/httpcomponents/httpcore/4.4.11/httpcore-4.4.11.jar:/home/marcio/.m2/repository/commons-codec/commons-codec/1.15/commons-codec-1.15.jar:/home/marcio/.m2/repository/com/google/guava/guava/32.1.2-jre/guava-32.1.2-jre.jar:/home/marcio/.m2/repository/com/google/guava/failureaccess/1.0.1/failureaccess-1.0.1.jar:/home/marcio/.m2/repository/com/google/guava/listenablefuture/9999.0-empty-to-avoid-conflict-with-guava/listenablefuture-9999.0-empty-to-avoid-conflict-with-guava.jar:/home/marcio/.m2/repository/org/checkerframework/checker-qual/3.33.0/checker-qual-3.33.0.jar:/home/marcio/.m2/repository/com/google/errorprone/error_prone_annotations/2.18.0/error_prone_annotations-2.18.0.jar:/home/marcio/.m2/repository/com/google/j2objc/j2objc-annotations/2.8/j2objc-annotations-2.8.jar:/home/marcio/.m2/repository/org/slf4j/slf4j-api/1.7.12/slf4j-api-1.7.12.jar:/home/marcio/.m2/repository/mysql/mysql-connector-java/5.1.10/mysql-connector-java-5.1.10.jar:/home/marcio/.m2/repository/org/hsqldb/hsqldb/2.3.2/hsqldb-2.3.2.jar:/home/marcio/.m2/repository/junit/junit/4.11/junit-4.11.jar:/home/marcio/.m2/repository/org/hamcrest/hamcrest-core/1.3/hamcrest-core-1.3.jar:"/>
    <property name="java.vm.vendor" value="Oracle Corporation"/>
    <property name="sun.arch.data.model" value="64"/>
    <property name="java.vendor.url" value="https://openjdk.java.net/"/>
    <property name="user.timezone" value=""/>
    <property name="java.vm.specification.version" value="11"/>
    <property name="os.name" value="Linux"/>
    <property name="sun.java.launcher" value="SUN_STANDARD"/>
    <property name="user.country" value="BR"/>
    <property name="sun.boot.library.path" value="/opt/java/jdk-11.0.9/lib"/>
    <property name="sun.java.command" value="/home/marcio/projetos/tahopen-commons-database/gwt/target/surefire/surefirebooter3975978801517317731.jar /home/marcio/projetos/tahopen-commons-database/gwt/target/surefire 2024-12-20T12-16-16_880-jvmRun1 surefire9697303177220193705tmp surefire_01054205290976011177tmp"/>
    <property name="jdk.debug" value="release"/>
    <property name="surefire.test.class.path" value="/home/marcio/projetos/tahopen-commons-database/gwt/target/test-classes:/home/marcio/projetos/tahopen-commons-database/gwt/target/classes:/home/marcio/.m2/repository/org/tahopen/commons-database-model/0.1.0.0-SNAPSHOT/commons-database-model-0.1.0.0-SNAPSHOT.jar:/home/marcio/.m2/repository/org/tahopen/commons-gwt-widgets/0.1.0.0-SNAPSHOT/commons-gwt-widgets-0.1.0.0-SNAPSHOT.jar:/home/marcio/.m2/repository/pentaho-kettle/kettle-core/9.4.0.0-SNAPSHOT/kettle-core-9.4.0.0-SNAPSHOT.jar:/home/marcio/.m2/repository/org/pentaho/pentaho-encryption-support/9.4.0.0-SNAPSHOT/pentaho-encryption-support-9.4.0.0-SNAPSHOT.jar:/home/marcio/.m2/repository/org/eclipse/jetty/jetty-util/9.4.51.v20230217/jetty-util-9.4.51.v20230217.jar:/home/marcio/.m2/repository/pentaho-kettle/kettle-engine/9.4.0.0-SNAPSHOT/kettle-engine-9.4.0.0-SNAPSHOT.jar:/home/marcio/.m2/repository/org/tahopen/commons-xul-core/0.1.0.0-SNAPSHOT/commons-xul-core-0.1.0.0-SNAPSHOT.jar:/home/marcio/.m2/repository/org/dom4j/dom4j/2.1.4/dom4j-2.1.4.jar:/home/marcio/.m2/repository/org/tahopen/commons-xul-swing/0.1.0.0-SNAPSHOT/commons-xul-swing-0.1.0.0-SNAPSHOT.jar:/home/marcio/.m2/repository/org/tahopen/commons-xul-swt/0.1.0.0-SNAPSHOT/commons-xul-swt-0.1.0.0-SNAPSHOT.jar:/home/marcio/.m2/repository/org/tahopen/commons-xul-gwt-impl/0.1.0.0-SNAPSHOT/commons-xul-gwt-impl-0.1.0.0-SNAPSHOT.jar:/home/marcio/.m2/repository/com/google/gwt/gwt-user/2.9.0/gwt-user-2.9.0.jar:/home/marcio/.m2/repository/com/google/jsinterop/jsinterop-annotations/2.0.0/jsinterop-annotations-2.0.0.jar:/home/marcio/.m2/repository/javax/validation/validation-api/1.0.0.GA/validation-api-1.0.0.GA.jar:/home/marcio/.m2/repository/javax/validation/validation-api/1.0.0.GA/validation-api-1.0.0.GA-sources.jar:/home/marcio/.m2/repository/javax/servlet/javax.servlet-api/3.1.0/javax.servlet-api-3.1.0.jar:/home/marcio/.m2/repository/org/w3c/css/sac/1.3/sac-1.3.jar:/home/marcio/.m2/repository/org/apache/commons/commons-pool2/2.11.1/commons-pool2-2.11.1.jar:/home/marcio/.m2/repository/org/apache/commons/commons-dbcp2/2.9.0/commons-dbcp2-2.9.0.jar:/home/marcio/.m2/repository/commons-beanutils/commons-beanutils/1.9.4/commons-beanutils-1.9.4.jar:/home/marcio/.m2/repository/commons-logging/commons-logging/1.2/commons-logging-1.2.jar:/home/marcio/.m2/repository/commons-lang/commons-lang/2.6/commons-lang-2.6.jar:/home/marcio/.m2/repository/org/eclipse/jface/3.3.0-I20070606-0010/jface-3.3.0-I20070606-0010.jar:/home/marcio/.m2/repository/org/eclipse/core/runtime/3.3.100-v20070530/runtime-3.3.100-v20070530.jar:/home/marcio/.m2/repository/org/eclipse/equinox/common/3.3.0-v20070426/common-3.3.0-v20070426.jar:/home/marcio/.m2/repository/org/eclipse/core/commands/3.3.0-I20070605-0010/commands-3.3.0-I20070605-0010.jar:/home/marcio/.m2/repository/org/eclipse/swt/org.eclipse.swt.gtk.linux.x86_64/4.3/org.eclipse.swt.gtk.linux.x86_64-4.3.jar:/home/marcio/.m2/repository/jakarta/xml/bind/jakarta.xml.bind-api/2.3.3/jakarta.xml.bind-api-2.3.3.jar:/home/marcio/.m2/repository/jakarta/activation/jakarta.activation-api/1.2.2/jakarta.activation-api-1.2.2.jar:/home/marcio/.m2/repository/com/google/gwt/gwt-dev/2.9.0/gwt-dev-2.9.0.jar:/home/marcio/.m2/repository/com/google/code/findbugs/jsr305/1.3.9/jsr305-1.3.9.jar:/home/marcio/.m2/repository/com/google/code/gson/gson/2.10.1/gson-2.10.1.jar:/home/marcio/.m2/repository/org/ow2/asm/asm/7.1/asm-7.1.jar:/home/marcio/.m2/repository/org/ow2/asm/asm-util/7.1/asm-util-7.1.jar:/home/marcio/.m2/repository/org/ow2/asm/asm-tree/7.1/asm-tree-7.1.jar:/home/marcio/.m2/repository/org/ow2/asm/asm-analysis/7.1/asm-analysis-7.1.jar:/home/marcio/.m2/repository/org/ow2/asm/asm-commons/7.1/asm-commons-7.1.jar:/home/marcio/.m2/repository/colt/colt/1.2.0/colt-1.2.0.jar:/home/marcio/.m2/repository/ant/ant/1.6.5/ant-1.6.5.jar:/home/marcio/.m2/repository/commons-collections/commons-collections/3.2.2/commons-collections-3.2.2.jar:/home/marcio/.m2/repository/commons-io/commons-io/2.4/commons-io-2.4.jar:/home/marcio/.m2/repository/com/ibm/icu/icu4j/63.1/icu4j-63.1.jar:/home/marcio/.m2/repository/tapestry/tapestry/4.0.2/tapestry-4.0.2.jar:/home/marcio/.m2/repository/net/sourceforge/htmlunit/htmlunit/2.19/htmlunit-2.19.jar:/home/marcio/.m2/repository/xalan/xalan/2.7.2/xalan-2.7.2.jar:/home/marcio/.m2/repository/xalan/serializer/2.7.2/serializer-2.7.2.jar:/home/marcio/.m2/repository/org/apache/httpcomponents/httpmime/4.5.1/httpmime-4.5.1.jar:/home/marcio/.m2/repository/net/sourceforge/htmlunit/htmlunit-core-js/2.17/htmlunit-core-js-2.17.jar:/home/marcio/.m2/repository/xerces/xercesImpl/2.12.2/xercesImpl-2.12.2.jar:/home/marcio/.m2/repository/xml-apis/xml-apis/1.4.01/xml-apis-1.4.01.jar:/home/marcio/.m2/repository/net/sourceforge/nekohtml/nekohtml/1.9.22/nekohtml-1.9.22.jar:/home/marcio/.m2/repository/net/sourceforge/cssparser/cssparser/0.9.18/cssparser-0.9.18.jar:/home/marcio/.m2/repository/org/eclipse/jetty/websocket/websocket-client/9.2.13.v20150730/websocket-client-9.2.13.v20150730.jar:/home/marcio/.m2/repository/org/eclipse/jetty/websocket/websocket-common/9.2.13.v20150730/websocket-common-9.2.13.v20150730.jar:/home/marcio/.m2/repository/org/eclipse/jetty/websocket/websocket-api/9.2.13.v20150730/websocket-api-9.2.13.v20150730.jar:/home/marcio/.m2/repository/org/eclipse/jetty/jetty-webapp/9.4.51.v20230217/jetty-webapp-9.4.51.v20230217.jar:/home/marcio/.m2/repository/org/eclipse/jetty/jetty-xml/9.4.51.v20230217/jetty-xml-9.4.51.v20230217.jar:/home/marcio/.m2/repository/org/eclipse/jetty/jetty-servlet/9.4.51.v20230217/jetty-servlet-9.4.51.v20230217.jar:/home/marcio/.m2/repository/org/eclipse/jetty/jetty-security/9.4.51.v20230217/jetty-security-9.4.51.v20230217.jar:/home/marcio/.m2/repository/org/eclipse/jetty/jetty-util-ajax/9.4.51.v20230217/jetty-util-ajax-9.4.51.v20230217.jar:/home/marcio/.m2/repository/org/eclipse/jetty/jetty-servlets/9.4.51.v20230217/jetty-servlets-9.4.51.v20230217.jar:/home/marcio/.m2/repository/org/eclipse/jetty/jetty-continuation/9.4.51.v20230217/jetty-continuation-9.4.51.v20230217.jar:/home/marcio/.m2/repository/org/eclipse/jetty/jetty-http/9.4.51.v20230217/jetty-http-9.4.51.v20230217.jar:/home/marcio/.m2/repository/org/eclipse/jetty/jetty-io/9.4.51.v20230217/jetty-io-9.4.51.v20230217.jar:/home/marcio/.m2/repository/org/eclipse/jetty/jetty-annotations/9.2.14.v20151106/jetty-annotations-9.2.14.v20151106.jar:/home/marcio/.m2/repository/org/eclipse/jetty/jetty-plus/9.4.51.v20230217/jetty-plus-9.4.51.v20230217.jar:/home/marcio/.m2/repository/org/eclipse/jetty/jetty-jndi/9.4.51.v20230217/jetty-jndi-9.4.51.v20230217.jar:/home/marcio/.m2/repository/javax/annotation/javax.annotation-api/1.2/javax.annotation-api-1.2.jar:/home/marcio/.m2/repository/org/eclipse/jetty/apache-jsp/9.2.14.v20151106/apache-jsp-9.2.14.v20151106.jar:/home/marcio/.m2/repository/org/eclipse/jetty/jetty-server/9.4.51.v20230217/jetty-server-9.4.51.v20230217.jar:/home/marcio/.m2/repository/org/eclipse/jetty/toolchain/jetty-schemas/3.1.M0/jetty-schemas-3.1.M0.jar:/home/marcio/.m2/repository/org/mortbay/jasper/apache-jsp/8.0.9.M3/apache-jsp-8.0.9.M3.jar:/home/marcio/.m2/repository/org/mortbay/jasper/apache-el/8.0.9.M3/apache-el-8.0.9.M3.jar:/home/marcio/.m2/repository/org/mockito/mockito-all/1.9.5/mockito-all-1.9.5.jar:/home/marcio/.m2/repository/org/apache/commons/commons-vfs2/2.8.0/commons-vfs2-2.8.0.jar:/home/marcio/.m2/repository/org/apache/commons/commons-lang3/3.12.0/commons-lang3-3.12.0.jar:/home/marcio/.m2/repository/org/apache/httpcomponents/httpclient/4.5.14/httpclient-4.5.14.jar:/home/marcio/.m2/repository/org/apache/httpcomponents/httpcore/4.4.11/httpcore-4.4.11.jar:/home/marcio/.m2/repository/commons-codec/commons-codec/1.15/commons-codec-1.15.jar:/home/marcio/.m2/repository/com/google/guava/guava/32.1.2-jre/guava-32.1.2-jre.jar:/home/marcio/.m2/repository/com/google/guava/failureaccess/1.0.1/failureaccess-1.0.1.jar:/home/marcio/.m2/repository/com/google/guava/listenablefuture/9999.0-empty-to-avoid-conflict-with-guava/listenablefuture-9999.0-empty-to-avoid-conflict-with-guava.jar:/home/marcio/.m2/repository/org/checkerframework/checker-qual/3.33.0/checker-qual-3.33.0.jar:/home/marcio/.m2/repository/com/google/errorprone/error_prone_annotations/2.18.0/error_prone_annotations-2.18.0.jar:/home/marcio/.m2/repository/com/google/j2objc/j2objc-annotations/2.8/j2objc-annotations-2.8.jar:/home/marcio/.m2/repository/org/slf4j/slf4j-api/1.7.12/slf4j-api-1.7.12.jar:/home/marcio/.m2/repository/mysql/mysql-connector-java/5.1.10/mysql-connector-java-5.1.10.jar:/home/marcio/.m2/repository/org/hsqldb/hsqldb/2.3.2/hsqldb-2.3.2.jar:/home/marcio/.m2/repository/junit/junit/4.11/junit-4.11.jar:/home/marcio/.m2/repository/org/hamcrest/hamcrest-core/1.3/hamcrest-core-1.3.jar:"/>
    <property name="sun.cpu.endian" value="little"/>
    <property name="user.home" value="/home/marcio"/>
    <property name="user.language" value="pt"/>
    <property name="java.specification.vendor" value="Oracle Corporation"/>
    <property name="java.version.date" value="2020-10-20"/>
    <property name="java.home" value="/opt/java/jdk-11.0.9"/>
    <property name="file.separator" value="/"/>
    <property name="basedir" value="/home/marcio/projetos/tahopen-commons-database/gwt"/>
    <property name="java.vm.compressedOopsMode" value="Zero based"/>
    <property name="line.separator" value="&#10;"/>
    <property name="java.specification.name" value="Java Platform API Specification"/>
    <property name="java.vm.specification.vendor" value="Oracle Corporation"/>
    <property name="java.awt.graphicsenv" value="sun.awt.X11GraphicsEnvironment"/>
    <property name="surefire.real.class.path" value="/home/marcio/projetos/tahopen-commons-database/gwt/target/surefire/surefirebooter3975978801517317731.jar"/>
    <property name="sun.management.compiler" value="HotSpot 64-Bit Tiered Compilers"/>
    <property name="java.runtime.version" value="11.0.9+7-LTS"/>
    <property name="user.name" value="marcio"/>
    <property name="path.separator" value=":"/>
    <property name="os.version" value="6.8.0-49-generic"/>
    <property name="java.runtime.name" value="Java(TM) SE Runtime Environment"/>
    <property name="file.encoding" value="UTF-8"/>
    <property name="java.vm.name" value="Java HotSpot(TM) 64-Bit Server VM"/>
    <property name="java.vendor.version" value="18.9"/>
    <property name="localRepository" value="/home/marcio/.m2/repository"/>
    <property name="java.vendor.url.bug" value="https://bugreport.java.com/bugreport/"/>
    <property name="java.io.tmpdir" value="/tmp"/>
    <property name="java.version" value="11.0.9"/>
    <property name="user.dir" value="/home/marcio/projetos/tahopen-commons-database/gwt"/>
    <property name="os.arch" value="amd64"/>
    <property name="java.vm.specification.name" value="Java Virtual Machine Specification"/>
    <property name="java.awt.printerjob" value="sun.print.PSPrinterJob"/>
    <property name="sun.os.patch.level" value="unknown"/>
    <property name="java.library.path" value="/usr/java/packages/lib:/usr/lib64:/lib64:/lib:/usr/lib"/>
    <property name="java.vendor" value="Oracle Corporation"/>
    <property name="java.vm.info" value="mixed mode"/>
    <property name="java.vm.version" value="11.0.9+7-LTS"/>
    <property name="sun.io.unicode.encoding" value="UnicodeLittle"/>
    <property name="java.class.version" value="55.0"/>
  </properties>
  <testcase name="testConvertToDatabaseMeta" classname="org.pentaho.database.util.DatabaseUtilTest" time="0.019"/>
</testsuite>